SF:lib/features/settings/providers/language_provider.dart
DA:7,4
DA:13,4
DA:14,4
DA:15,3
DA:16,6
DA:17,3
DA:21,2
DA:22,2
DA:23,2
DA:27,2
DA:28,4
DA:29,2
DA:30,2
DA:34,2
DA:35,4
DA:36,2
LF:16
LH:16
end_of_record
SF:lib/features/presets/models/preset.dart
DA:9,13
DA:17,5
DA:18,5
DA:19,5
DA:20,5
DA:21,10
DA:26,7
DA:27,7
DA:29,7
DA:30,14
DA:31,14
LF:11
LH:11
end_of_record
SF:lib/features/presets/providers/preset_provider.dart
DA:17,5
DA:20,6
DA:21,4
DA:22,2
DA:23,6
DA:24,2
DA:27,1
DA:28,4
DA:31,5
DA:33,5
DA:34,5
DA:35,5
DA:37,14
DA:38,4
DA:40,2
DA:42,5
DA:43,5
DA:48,4
DA:49,8
DA:50,12
DA:51,8
DA:56,4
DA:58,4
DA:59,4
DA:60,4
DA:62,8
DA:63,4
DA:65,2
DA:66,1
DA:71,3
DA:73,3
DA:74,3
DA:75,3
DA:77,6
DA:78,2
DA:80,2
DA:81,1
DA:86,1
DA:88,1
DA:89,1
DA:90,1
DA:92,2
DA:93,1
DA:94,1
DA:95,2
DA:96,0
DA:98,1
DA:100,0
DA:101,0
DA:106,1
DA:107,2
DA:108,1
DA:109,1
DA:114,0
DA:115,0
DA:120,0
DA:121,0
DA:123,0
DA:129,0
DA:131,0
DA:135,0
DA:138,0
DA:142,0
DA:143,0
DA:146,0
DA:152,1
DA:153,1
DA:154,1
DA:158,1
DA:159,2
DA:161,4
DA:162,1
DA:167,3
DA:170,1
DA:171,1
DA:172,1
DA:176,2
DA:177,2
LF:78
LH:63
end_of_record
SF:lib/features/presets/repositories/preset_repository.dart
DA:9,8
DA:10,8
DA:11,7
DA:14,7
DA:18,7
DA:19,7
DA:21,14
DA:22,14
DA:27,2
DA:28,1
DA:32,5
DA:33,5
DA:34,5
DA:36,10
DA:37,10
DA:40,10
DA:43,3
DA:44,3
DA:45,6
DA:46,3
DA:49,3
DA:50,3
DA:51,6
DA:52,3
DA:55,2
DA:56,2
DA:57,2
DA:58,2
LF:28
LH:28
end_of_record
SF:lib/features/sound_test/providers/sound_test_provider.dart
DA:12,4
DA:15,6
DA:16,6
DA:17,6
DA:18,6
DA:20,0
DA:21,0
DA:23,4
DA:25,4
DA:26,4
DA:27,4
DA:29,11
DA:32,9
DA:33,6
DA:34,10
DA:37,2
DA:38,4
DA:39,6
DA:42,6
DA:46,6
DA:47,12
DA:50,3
DA:52,6
DA:53,3
DA:55,4
DA:56,4
DA:60,2
DA:62,2
DA:63,2
DA:64,2
DA:67,4
DA:68,3
DA:69,2
DA:73,4
DA:74,2
DA:76,2
DA:77,1
DA:79,2
DA:80,2
DA:84,1
DA:86,1
DA:87,1
DA:88,1
DA:91,3
DA:93,2
DA:94,3
DA:97,2
DA:98,0
DA:99,0
DA:101,0
DA:105,2
DA:106,3
DA:110,2
DA:112,1
DA:114,0
DA:115,0
DA:117,1
DA:118,1
DA:122,1
DA:124,1
DA:125,1
DA:126,1
DA:129,1
DA:130,2
DA:131,2
DA:132,1
DA:134,0
DA:135,0
DA:137,1
DA:138,1
DA:142,0
DA:143,0
DA:144,0
DA:145,0
DA:149,0
DA:150,0
DA:151,0
DA:154,3
DA:156,2
DA:157,2
DA:158,2
LF:81
LH:65
end_of_record
SF:lib/features/bluetooth/platform/bluetooth_platform.dart
DA:25,5
DA:33,3
DA:35,3
DA:36,3
DA:39,3
DA:42,1
DA:50,3
DA:51,3
DA:52,3
DA:55,2
DA:63,3
DA:64,3
DA:65,3
DA:68,3
DA:77,1
DA:79,1
DA:80,1
DA:81,3
DA:87,3
DA:89,3
DA:90,3
DA:91,9
DA:97,2
DA:99,2
DA:100,1
DA:101,3
DA:107,3
DA:110,3
DA:111,12
DA:112,2
DA:113,6
DA:114,2
DA:119,1
DA:122,2
DA:123,1
DA:124,3
DA:130,1
DA:132,1
DA:133,1
DA:134,3
DA:140,0
DA:143,0
DA:145,0
DA:148,0
DA:149,0
DA:155,0
DA:157,0
DA:158,0
DA:159,0
DA:165,0
DA:167,0
DA:168,0
DA:169,0
DA:175,0
DA:177,0
DA:178,0
DA:179,0
DA:185,0
DA:187,0
DA:188,0
DA:189,0
DA:194,0
DA:196,0
DA:198,0
DA:200,0
DA:205,0
DA:206,0
DA:212,0
DA:214,0
DA:215,0
DA:216,0
LF:71
LH:40
end_of_record
SF:lib/features/bluetooth/services/ble_data_service.dart
DA:24,0
DA:27,0
DA:28,0
DA:31,0
DA:39,0
DA:42,0
DA:43,0
DA:46,0
DA:54,0
DA:58,0
DA:61,0
DA:69,0
DA:72,0
DA:73,0
DA:76,0
DA:77,0
DA:78,0
DA:79,0
DA:80,0
DA:81,0
DA:82,0
DA:86,0
DA:89,0
DA:90,0
DA:91,0
DA:92,0
DA:93,0
DA:94,0
DA:95,0
DA:99,0
DA:100,0
DA:101,0
DA:103,0
DA:104,0
DA:105,0
DA:108,0
DA:109,0
DA:110,0
DA:112,0
DA:113,0
DA:114,0
DA:117,0
DA:118,0
DA:119,0
DA:121,0
DA:122,0
DA:123,0
DA:126,0
DA:127,0
DA:128,0
DA:130,0
DA:131,0
DA:132,0
DA:135,0
DA:136,0
DA:137,0
DA:139,0
DA:140,0
DA:141,0
DA:145,0
DA:147,0
DA:158,0
DA:162,0
DA:165,0
DA:168,0
DA:170,0
DA:171,0
DA:174,0
DA:177,0
DA:178,0
DA:179,0
DA:180,0
DA:181,0
DA:184,0
DA:186,0
DA:190,0
DA:193,0
DA:195,0
DA:196,0
DA:214,0
DA:218,0
DA:221,0
DA:224,0
DA:226,0
DA:227,0
DA:230,0
DA:233,0
DA:234,0
DA:235,0
DA:236,0
DA:237,0
DA:240,0
DA:242,0
DA:246,0
DA:249,0
DA:251,0
DA:252,0
DA:264,0
DA:270,0
DA:273,0
DA:278,0
DA:279,0
DA:285,0
DA:288,0
DA:294,0
DA:295,0
DA:296,0
LF:107
LH:0
end_of_record
SF:lib/features/sound_test/models/sound_test.dart
DA:11,9
DA:19,4
DA:20,4
DA:21,4
DA:22,8
DA:23,4
DA:24,8
DA:25,8
DA:26,8
DA:27,8
DA:28,8
DA:29,8
DA:30,8
DA:31,8
DA:32,8
DA:33,8
DA:38,4
DA:42,4
DA:47,1
DA:48,4
DA:51,4
DA:52,9
DA:53,4
DA:54,9
DA:55,4
DA:56,9
DA:57,4
DA:58,9
DA:59,4
DA:60,9
DA:61,4
DA:62,9
DA:63,4
DA:64,9
DA:65,4
DA:66,9
DA:67,4
DA:68,9
DA:69,4
DA:70,9
DA:72,4
DA:74,4
DA:75,8
DA:81,3
DA:88,1
DA:89,1
DA:92,3
DA:95,3
DA:96,3
LF:49
LH:49
end_of_record
SF:lib/l10n/app_localizations.dart
DA:10,5
DA:13,7
DA:14,7
DA:23,0
DA:25,0
DA:26,0
DA:27,0
DA:31,0
DA:37,0
DA:38,0
DA:45,34
DA:47,0
DA:50,0
DA:53,0
DA:56,0
DA:57,0
DA:61,0
LF:17
LH:4
end_of_record
SF:lib/features/sound_test/repositories/sound_test_repository.dart
DA:10,3
DA:11,3
DA:14,3
DA:15,4
DA:18,3
DA:19,3
DA:20,2
DA:21,1
DA:24,2
DA:25,2
DA:26,2
DA:27,10
DA:30,0
DA:31,0
DA:35,2
DA:37,2
DA:38,2
DA:40,4
DA:41,4
DA:44,4
DA:47,2
DA:48,2
DA:49,4
DA:50,2
DA:53,1
DA:54,1
DA:57,1
DA:58,1
DA:59,1
DA:60,1
LF:30
LH:28
end_of_record
SF:lib/l10n/translations/en.dart
DA:2,0
LF:1
LH:0
end_of_record
SF:lib/l10n/translations/fr.dart
DA:2,0
LF:1
LH:0
end_of_record
SF:lib/features/settings/providers/theme_provider.dart
DA:8,4
DA:9,4
DA:12,6
DA:14,4
DA:17,4
DA:19,4
DA:20,6
DA:21,3
DA:23,3
DA:28,2
DA:30,2
DA:31,4
DA:33,0
DA:38,2
DA:39,4
DA:40,2
DA:41,2
DA:45,2
DA:46,4
DA:47,2
DA:48,2
DA:49,2
LF:22
LH:21
end_of_record
SF:lib/features/bluetooth/providers/bluetooth_provider.dart
DA:22,0
DA:23,0
DA:24,0
DA:25,0
DA:26,0
DA:27,0
DA:28,0
DA:29,0
DA:32,0
DA:33,0
DA:34,0
DA:35,0
DA:36,0
DA:37,0
DA:38,0
DA:41,2
DA:44,2
DA:49,2
DA:50,2
DA:51,0
DA:52,0
DA:53,0
DA:54,0
DA:59,2
DA:61,2
DA:62,0
DA:66,4
DA:67,0
DA:71,4
DA:72,0
DA:73,0
DA:78,2
DA:79,0
DA:82,0
DA:86,0
DA:87,0
DA:88,0
DA:91,0
DA:95,0
DA:96,0
DA:101,0
DA:102,0
DA:103,0
DA:105,0
DA:106,0
DA:109,0
DA:110,0
DA:112,0
DA:113,0
DA:114,0
DA:115,0
DA:116,0
DA:122,0
DA:124,0
DA:125,0
DA:126,0
DA:127,0
DA:128,0
DA:129,0
DA:130,0
DA:131,0
DA:135,0
DA:136,0
DA:137,0
DA:138,0
DA:139,0
DA:142,0
DA:147,0
DA:149,0
DA:152,0
DA:153,0
DA:155,0
DA:156,0
DA:157,0
DA:160,0
DA:161,0
DA:162,0
DA:163,0
DA:167,0
DA:172,0
DA:177,0
DA:179,0
DA:184,0
DA:185,0
DA:188,0
DA:189,0
DA:190,0
DA:191,0
DA:192,0
DA:195,0
DA:200,0
DA:201,0
DA:205,0
DA:207,0
DA:208,0
DA:209,0
DA:210,0
DA:211,0
DA:212,0
DA:213,0
DA:216,0
DA:219,0
DA:220,0
DA:223,0
DA:226,0
DA:228,0
DA:230,0
DA:236,0
DA:238,0
DA:239,0
DA:241,0
DA:242,0
DA:245,0
DA:250,0
DA:252,0
DA:253,0
DA:254,0
DA:256,0
DA:259,0
DA:264,0
DA:265,0
DA:266,0
DA:270,0
DA:271,0
DA:275,0
DA:276,0
DA:278,0
DA:279,0
DA:285,0
DA:292,0
DA:297,0
DA:298,0
DA:301,0
DA:304,0
DA:307,0
DA:309,0
DA:310,0
DA:312,0
DA:313,0
DA:314,0
DA:320,0
DA:321,0
DA:324,0
DA:325,0
DA:326,0
DA:328,0
DA:333,0
DA:335,0
DA:336,0
DA:338,0
DA:342,0
DA:343,0
DA:349,0
DA:352,0
DA:355,0
DA:358,0
DA:361,0
DA:362,0
DA:363,0
DA:365,0
DA:366,0
DA:370,0
DA:372,0
DA:373,0
DA:374,0
DA:376,0
DA:449,0
DA:450,0
DA:454,0
DA:458,0
DA:459,0
DA:460,0
DA:461,0
DA:464,0
DA:467,0
DA:468,0
DA:469,0
DA:472,0
DA:473,0
DA:475,0
DA:478,0
DA:481,0
DA:485,0
DA:487,0
DA:490,0
DA:491,0
DA:492,0
DA:495,0
DA:496,0
DA:497,0
DA:500,0
DA:502,0
DA:505,0
DA:508,0
DA:512,0
DA:513,0
DA:516,0
DA:518,0
DA:519,0
DA:520,0
DA:523,0
DA:524,0
DA:526,0
DA:528,0
DA:529,0
DA:531,0
DA:535,0
DA:537,0
DA:539,0
DA:541,0
DA:545,0
DA:546,0
DA:547,0
DA:548,0
DA:549,0
DA:552,0
DA:553,0
DA:555,0
DA:556,0
DA:558,0
DA:563,0
DA:565,0
DA:568,0
DA:571,0
DA:572,0
DA:573,0
DA:574,0
DA:575,0
DA:576,0
DA:582,0
DA:583,0
DA:584,0
DA:585,0
DA:589,0
DA:594,0
DA:596,0
DA:599,0
DA:601,0
DA:605,0
DA:609,0
DA:612,0
DA:614,0
DA:615,0
DA:618,0
DA:619,0
DA:621,0
DA:627,0
DA:628,0
DA:632,0
DA:635,0
DA:638,0
DA:639,0
DA:640,0
DA:645,0
DA:650,0
DA:652,0
DA:653,0
DA:654,0
LF:258
LH:9
end_of_record
SF:lib/features/bluetooth/services/bluetooth_service.dart
DA:12,1
DA:14,1
DA:16,2
DA:22,1
DA:24,1
DA:26,2
DA:32,1
DA:34,1
DA:36,0
DA:42,1
DA:44,1
DA:46,2
DA:51,1
DA:53,1
DA:55,2
DA:60,1
DA:62,1
DA:64,2
DA:70,1
DA:72,1
DA:74,0
DA:75,0
LF:22
LH:19
end_of_record
SF:lib/features/sound_test/views/screens/test_page.dart
DA:15,3
DA:22,3
DA:23,3
DA:80,3
DA:82,3
DA:83,3
DA:84,2
DA:85,2
DA:87,4
DA:88,8
DA:92,3
DA:94,15
DA:96,4
DA:97,6
DA:98,6
DA:99,6
DA:100,6
DA:101,6
DA:103,6
DA:104,6
DA:105,6
DA:106,6
DA:107,6
DA:112,2
DA:116,4
DA:118,0
DA:121,0
DA:122,0
DA:125,0
DA:126,0
DA:135,0
DA:136,0
DA:137,0
DA:143,2
DA:147,2
DA:151,4
DA:152,2
DA:153,4
DA:154,3
DA:156,1
DA:157,2
DA:158,2
DA:159,2
DA:162,0
DA:166,0
DA:169,4
DA:170,2
DA:173,0
DA:176,0
DA:179,1
DA:182,8
DA:186,0
DA:188,0
DA:198,0
DA:201,0
DA:204,0
DA:205,0
DA:206,0
DA:211,0
DA:212,0
DA:215,0
DA:218,0
DA:221,0
DA:224,0
DA:230,0
DA:232,0
DA:233,0
DA:234,0
DA:235,0
DA:236,0
DA:237,0
DA:238,0
DA:240,0
DA:241,0
DA:243,0
DA:244,0
DA:246,0
DA:247,0
DA:249,0
DA:250,0
DA:253,0
DA:254,0
DA:255,0
DA:256,0
DA:258,0
DA:259,0
DA:261,0
DA:262,0
DA:264,0
DA:265,0
DA:267,0
DA:268,0
DA:272,0
DA:275,0
DA:276,0
DA:277,0
DA:278,0
DA:279,0
DA:280,0
DA:281,0
DA:282,0
DA:283,0
DA:284,0
DA:285,0
DA:286,0
DA:287,0
DA:288,0
DA:289,0
DA:294,0
DA:297,0
DA:298,0
DA:301,0
DA:304,0
DA:307,0
DA:308,0
DA:312,0
DA:314,0
DA:316,0
DA:317,0
DA:319,0
DA:323,0
DA:324,0
DA:325,0
DA:326,0
DA:327,0
DA:328,0
DA:329,0
DA:330,0
DA:331,0
DA:332,0
DA:333,0
DA:334,0
DA:335,0
DA:336,0
DA:337,0
DA:338,0
DA:343,0
DA:344,0
DA:345,0
DA:349,0
DA:350,0
DA:353,0
DA:356,0
DA:357,0
DA:360,0
DA:363,0
DA:364,0
DA:365,0
DA:366,0
DA:367,0
DA:368,0
DA:369,0
DA:370,0
DA:373,0
DA:376,0
DA:377,0
DA:378,0
DA:380,0
DA:381,0
DA:383,0
DA:389,0
DA:390,0
DA:392,0
DA:393,0
DA:395,0
DA:401,0
DA:402,0
DA:404,0
DA:405,0
DA:407,0
DA:413,0
DA:414,0
DA:416,0
DA:417,0
DA:419,0
DA:424,0
DA:432,0
DA:433,0
DA:436,0
DA:437,0
DA:438,0
DA:439,0
DA:440,0
DA:441,0
DA:443,0
DA:445,0
DA:446,0
DA:447,0
DA:449,0
DA:451,0
DA:452,0
DA:453,0
DA:454,0
DA:460,0
DA:462,0
DA:463,0
DA:475,0
DA:478,0
DA:479,0
DA:483,1
DA:484,2
DA:485,2
DA:489,1
DA:492,1
DA:493,2
DA:494,2
DA:501,0
DA:503,0
DA:508,0
DA:509,0
DA:510,0
DA:512,0
DA:513,0
DA:515,0
DA:516,0
DA:518,0
DA:519,0
DA:521,0
DA:522,0
DA:526,0
DA:527,0
DA:528,0
DA:533,0
DA:534,0
DA:535,0
DA:539,0
DA:540,0
DA:542,0
DA:543,0
DA:544,0
DA:545,0
DA:546,0
DA:549,0
DA:550,0
DA:551,0
DA:554,0
DA:556,0
DA:559,0
DA:560,0
DA:563,0
DA:565,0
DA:569,0
DA:570,0
DA:572,0
DA:575,0
DA:576,0
DA:577,0
DA:578,0
DA:580,0
DA:585,0
DA:586,0
DA:587,0
DA:592,0
DA:594,0
DA:595,0
DA:596,0
DA:597,0
DA:599,0
DA:602,0
DA:606,0
DA:607,0
DA:608,0
DA:612,0
DA:613,0
DA:615,0
DA:616,0
DA:618,0
DA:619,0
DA:621,0
DA:622,0
DA:625,0
DA:626,0
DA:627,0
DA:628,0
DA:630,0
DA:631,0
DA:633,0
DA:634,0
DA:637,0
DA:638,0
DA:639,0
DA:642,0
DA:643,0
DA:644,0
DA:647,0
DA:648,0
DA:649,0
DA:652,0
DA:653,0
DA:654,0
DA:657,0
DA:658,0
DA:659,0
DA:660,0
DA:663,0
DA:665,0
DA:667,0
DA:669,0
DA:670,0
DA:671,0
DA:672,0
DA:675,0
DA:679,0
DA:680,0
DA:682,0
DA:683,0
DA:684,0
DA:687,0
DA:689,0
DA:691,0
DA:694,0
DA:696,0
DA:698,0
DA:700,0
DA:703,0
DA:704,0
DA:705,0
DA:707,0
DA:708,0
DA:711,0
DA:712,0
DA:715,0
DA:716,0
DA:717,0
DA:718,0
DA:719,0
DA:722,0
DA:725,0
DA:727,0
DA:728,0
DA:730,0
DA:734,0
DA:735,0
DA:741,0
DA:743,0
DA:745,0
DA:746,0
DA:749,0
DA:751,0
DA:752,0
DA:754,0
DA:755,0
DA:758,0
DA:759,0
DA:760,0
DA:762,0
DA:763,0
DA:767,0
DA:768,0
DA:769,0
DA:770,0
DA:772,0
DA:775,0
DA:776,0
DA:777,0
DA:778,0
DA:779,0
DA:780,0
DA:781,0
DA:783,0
DA:784,0
DA:785,0
DA:786,0
DA:787,0
DA:789,0
DA:790,0
DA:791,0
DA:792,0
DA:793,0
DA:796,0
DA:799,0
DA:800,0
DA:802,0
DA:804,0
DA:805,0
DA:806,0
DA:807,0
DA:808,0
DA:809,0
DA:810,0
DA:812,0
DA:813,0
DA:814,0
DA:815,0
DA:817,0
DA:818,0
DA:819,0
DA:829,0
DA:830,0
DA:836,2
DA:838,2
DA:839,4
DA:841,2
DA:842,2
DA:845,2
DA:846,3
DA:847,0
DA:852,0
DA:853,0
DA:854,0
DA:857,2
DA:858,2
DA:859,2
DA:860,2
DA:862,0
DA:863,0
DA:864,0
DA:868,2
DA:869,2
DA:877,2
DA:882,2
DA:883,8
DA:884,8
DA:885,6
DA:886,2
DA:887,8
DA:888,4
DA:889,2
DA:890,4
DA:892,2
DA:893,2
DA:894,2
DA:895,2
DA:896,2
DA:897,2
DA:900,2
DA:901,2
DA:903,2
DA:905,2
DA:906,2
DA:907,4
DA:908,2
DA:909,2
DA:911,1
DA:913,2
DA:914,2
DA:915,2
DA:923,4
DA:925,2
DA:926,2
DA:927,2
DA:930,1
DA:932,1
DA:933,1
DA:934,1
DA:935,1
DA:936,1
DA:937,1
DA:939,1
DA:941,1
DA:944,1
DA:947,1
DA:963,0
DA:964,0
DA:972,0
DA:973,0
DA:974,0
DA:975,0
DA:978,0
DA:979,0
DA:980,0
DA:981,0
DA:982,0
DA:983,0
DA:986,0
DA:987,0
DA:988,0
DA:989,0
DA:990,0
DA:991,0
DA:994,0
DA:996,0
DA:997,0
DA:999,0
DA:1008,0
DA:1009,0
DA:1011,0
DA:1012,0
DA:1013,0
DA:1015,0
DA:1016,0
DA:1017,0
DA:1018,0
DA:1023,0
DA:1026,0
DA:1027,0
DA:1028,0
DA:1029,0
DA:1030,0
DA:1032,0
DA:1035,0
DA:1036,0
DA:1037,0
DA:1039,0
DA:1041,0
DA:1044,0
DA:1045,0
DA:1046,0
DA:1048,0
DA:1050,0
DA:1051,0
DA:1052,0
DA:1053,0
DA:1055,0
DA:1057,0
DA:1059,0
DA:1062,0
DA:1064,0
DA:1065,0
DA:1066,0
DA:1069,0
DA:1071,0
DA:1074,0
DA:1076,0
DA:1077,0
DA:1078,0
DA:1081,0
DA:1083,0
DA:1088,0
DA:1090,0
DA:1093,0
DA:1094,0
DA:1095,0
DA:1096,0
DA:1097,0
DA:1118,0
DA:1119,0
DA:1121,0
DA:1122,0
DA:1123,0
DA:1124,0
DA:1125,0
DA:1126,0
DA:1131,0
DA:1132,0
DA:1134,0
DA:1135,0
DA:1144,0
DA:1145,0
DA:1146,0
DA:1148,0
DA:1150,0
DA:1151,0
DA:1152,0
DA:1153,0
DA:1156,0
DA:1157,0
DA:1161,0
DA:1163,0
DA:1164,0
DA:1165,0
DA:1167,0
DA:1177,1
DA:1178,3
DA:1179,3
DA:1180,1
DA:1183,1
DA:1184,2
DA:1186,1
DA:1189,1
DA:1191,1
DA:1192,1
DA:1193,2
DA:1195,1
DA:1196,1
DA:1197,1
DA:1198,1
DA:1199,1
DA:1200,1
DA:1206,1
DA:1208,1
DA:1209,1
DA:1211,2
DA:1212,1
DA:1215,1
DA:1216,4
DA:1217,1
DA:1218,2
DA:1220,1
DA:1228,1
DA:1229,1
DA:1230,2
DA:1231,1
DA:1233,1
DA:1234,1
DA:1235,1
DA:1238,1
DA:1239,1
DA:1240,1
DA:1242,1
DA:1243,1
DA:1250,1
DA:1251,1
DA:1252,1
DA:1255,2
DA:1266,1
DA:1267,1
DA:1268,2
DA:1269,1
DA:1270,1
DA:1271,1
DA:1273,1
DA:1275,1
DA:1276,1
DA:1277,2
DA:1278,1
DA:1279,0
DA:1280,0
DA:1281,0
DA:1282,0
DA:1284,0
DA:1286,1
DA:1287,1
DA:1289,1
DA:1290,1
DA:1292,1
DA:1293,1
DA:1296,1
DA:1298,1
DA:1300,1
DA:1301,1
DA:1302,1
DA:1305,2
DA:1318,1
DA:1319,1
DA:1320,2
DA:1321,1
DA:1322,0
DA:1323,0
DA:1324,0
DA:1325,0
DA:1327,0
DA:1329,1
DA:1330,1
DA:1332,1
DA:1333,1
DA:1335,1
DA:1336,1
DA:1339,1
DA:1341,1
DA:1343,1
DA:1344,1
DA:1345,1
DA:1348,2
DA:1368,1
DA:1369,3
DA:1370,1
DA:1373,1
DA:1374,2
DA:1376,1
DA:1377,2
DA:1378,1
DA:1381,1
DA:1383,1
DA:1386,1
DA:1387,2
DA:1388,1
DA:1390,1
DA:1391,1
DA:1392,2
DA:1394,0
DA:1395,2
DA:1398,1
DA:1400,1
DA:1401,1
DA:1402,2
DA:1403,1
DA:1404,2
DA:1406,0
DA:1409,1
DA:1410,1
DA:1411,1
DA:1412,1
DA:1414,2
DA:1417,2
DA:1419,0
DA:1432,1
DA:1435,1
DA:1436,2
DA:1437,0
DA:1439,1
DA:1440,1
DA:1441,2
DA:1443,1
DA:1444,2
DA:1447,1
DA:1449,1
DA:1450,1
DA:1451,2
DA:1452,1
DA:1453,2
DA:1455,1
DA:1458,1
DA:1459,1
DA:1460,1
DA:1461,1
DA:1463,2
DA:1466,2
DA:1468,1
DA:1482,1
DA:1483,3
DA:1484,1
DA:1485,1
DA:1486,1
DA:1487,1
DA:1489,1
DA:1491,2
DA:1492,1
DA:1494,2
DA:1495,1
DA:1496,1
DA:1500,1
DA:1501,1
DA:1502,1
DA:1503,1
DA:1504,1
DA:1505,1
DA:1511,1
DA:1512,1
DA:1513,1
DA:1514,1
DA:1525,0
DA:1526,0
DA:1528,0
DA:1530,0
DA:1531,0
DA:1532,0
DA:1533,0
DA:1535,0
DA:1537,0
DA:1538,0
DA:1542,0
DA:1544,0
DA:1545,0
DA:1548,0
DA:1549,0
DA:1550,0
DA:1551,0
DA:1552,0
DA:1553,0
DA:1554,0
DA:1555,0
DA:1556,0
DA:1557,0
DA:1559,0
DA:1561,0
DA:1562,0
DA:1566,0
DA:1567,0
DA:1568,0
DA:1569,0
DA:1570,0
DA:1571,0
DA:1573,0
DA:1575,0
DA:1576,0
DA:1588,2
DA:1591,4
DA:1592,0
DA:1593,0
DA:1597,0
DA:1598,0
DA:1599,0
DA:1603,0
DA:1606,0
DA:1608,0
DA:1609,0
DA:1614,2
DA:1615,4
DA:1617,2
DA:1619,2
DA:1621,2
DA:1622,2
DA:1623,2
DA:1624,2
DA:1627,10
DA:1632,2
DA:1633,2
DA:1637,2
DA:1638,2
DA:1642,2
DA:1643,2
DA:1647,2
DA:1648,2
DA:1649,6
DA:1652,2
DA:1653,2
DA:1656,2
DA:1657,2
DA:1658,2
DA:1666,2
DA:1667,2
DA:1668,2
DA:1670,4
DA:1671,2
DA:1672,2
DA:1673,2
DA:1674,2
DA:1682,2
DA:1683,2
DA:1685,2
DA:1686,2
DA:1688,6
DA:1692,2
DA:1693,2
DA:1695,2
DA:1697,10
LF:807
LH:299
end_of_record
SF:lib/features/sound_test/views/widgets/volume_control.dart
DA:10,1
DA:18,1
DA:19,1
DA:25,1
DA:27,1
DA:28,3
DA:29,4
DA:32,1
DA:33,2
DA:35,3
DA:36,1
DA:37,1
DA:40,4
DA:41,1
DA:43,2
DA:44,4
DA:45,4
DA:46,4
DA:47,2
DA:49,3
DA:53,0
DA:54,0
DA:56,0
DA:57,0
DA:58,0
DA:61,0
DA:62,0
DA:64,0
DA:65,0
DA:66,0
DA:67,0
DA:68,0
DA:70,0
DA:74,1
DA:75,2
DA:76,1
DA:78,3
DA:79,3
DA:82,1
DA:84,1
DA:85,1
DA:86,1
DA:88,1
DA:90,1
DA:91,1
DA:92,1
DA:95,1
DA:98,1
DA:99,2
DA:101,1
DA:103,1
LF:51
LH:38
end_of_record
SF:lib/features/sound_test/widgets/audiogram.dart
DA:17,2
DA:32,2
DA:35,4
DA:37,4
DA:39,2
DA:40,4
DA:42,2
DA:43,2
DA:44,2
DA:47,0
DA:48,2
DA:50,2
DA:53,4
DA:55,2
DA:56,2
DA:58,2
DA:60,2
DA:62,2
DA:63,2
DA:64,2
DA:65,6
DA:66,2
DA:68,6
DA:69,2
DA:70,6
DA:72,4
DA:76,4
DA:77,2
DA:78,2
DA:79,6
DA:80,2
DA:82,6
DA:83,2
DA:84,6
DA:85,2
DA:86,4
DA:93,2
DA:96,2
DA:97,2
DA:98,2
DA:99,2
DA:100,4
DA:102,2
DA:103,6
DA:104,4
DA:105,2
DA:107,2
DA:108,2
DA:109,2
DA:111,2
DA:112,2
DA:113,2
DA:114,2
DA:115,2
DA:116,2
DA:121,2
DA:123,2
DA:124,2
DA:125,2
DA:128,6
DA:134,2
DA:136,2
DA:138,2
DA:139,4
DA:140,4
DA:141,4
DA:142,4
DA:143,4
DA:144,4
DA:148,2
DA:150,2
DA:152,2
DA:153,4
DA:154,4
DA:155,4
DA:156,4
DA:166,2
DA:167,4
DA:171,0
DA:172,8
DA:174,0
DA:175,8
DA:178,4
DA:181,2
DA:187,2
DA:189,2
DA:190,2
DA:193,2
DA:195,4
DA:199,2
DA:200,2
DA:201,6
DA:211,2
DA:213,2
DA:215,2
DA:216,4
DA:217,2
DA:218,2
DA:220,2
DA:221,2
DA:222,10
DA:223,10
DA:226,2
DA:227,10
DA:228,10
DA:232,2
DA:233,10
DA:234,4
DA:240,1
DA:281,2
DA:295,2
DA:298,4
DA:299,2
DA:300,4
DA:301,4
DA:302,2
DA:303,4
DA:304,2
DA:306,2
DA:309,4
DA:310,2
DA:312,4
DA:313,2
DA:317,2
DA:318,6
DA:319,2
DA:320,2
DA:323,2
DA:326,2
DA:327,2
DA:330,2
DA:333,2
DA:335,2
DA:338,2
DA:343,2
DA:346,2
DA:347,2
DA:350,2
DA:352,2
DA:355,2
DA:356,2
DA:357,2
DA:358,4
DA:359,2
DA:360,8
DA:361,8
DA:368,2
DA:371,2
DA:372,2
DA:373,8
DA:374,6
DA:375,2
DA:377,14
DA:379,2
DA:382,2
DA:383,2
DA:384,6
DA:385,6
DA:386,6
DA:387,6
DA:388,6
DA:391,4
DA:392,2
DA:393,2
DA:394,2
DA:396,2
DA:397,2
DA:399,2
DA:400,8
DA:405,2
DA:406,2
DA:408,2
DA:409,8
DA:410,4
DA:415,2
DA:416,2
DA:418,2
DA:419,4
DA:420,10
DA:426,2
DA:428,8
DA:429,6
DA:430,6
DA:431,2
DA:432,4
DA:433,4
DA:439,4
DA:440,4
DA:441,2
DA:442,4
DA:443,4
DA:449,2
DA:450,8
DA:453,2
DA:454,2
DA:455,2
DA:456,4
DA:457,6
DA:460,6
DA:462,2
DA:463,2
DA:465,2
DA:467,2
DA:469,4
DA:471,2
DA:472,8
DA:476,2
DA:479,8
DA:481,2
DA:483,2
DA:484,6
DA:485,6
DA:491,4
DA:493,2
DA:495,4
DA:496,2
DA:497,2
DA:498,8
DA:502,2
DA:503,2
DA:505,2
DA:506,10
DA:507,10
DA:513,2
DA:515,2
DA:516,6
DA:517,6
DA:518,2
DA:519,4
DA:522,2
DA:523,8
DA:524,6
DA:525,2
DA:526,4
DA:529,2
DA:531,2
DA:534,2
DA:535,2
DA:536,2
DA:537,4
DA:538,6
DA:540,8
DA:541,2
DA:542,4
DA:543,6
DA:544,2
DA:548,6
DA:549,2
DA:550,4
DA:553,8
DA:554,4
DA:555,2
DA:556,2
DA:560,2
DA:566,4
DA:569,2
DA:570,12
DA:571,10
DA:572,12
DA:573,10
DA:576,2
DA:581,2
DA:583,4
DA:585,10
DA:587,10
DA:590,1
DA:593,3
DA:594,3
DA:595,3
DA:596,3
DA:597,3
DA:600,2
DA:601,4
DA:604,0
DA:605,8
DA:607,0
DA:608,8
DA:611,4
LF:278
LH:273
end_of_record
SF:lib/features/bluetooth/services/bluetooth_file_service.dart
DA:11,0
DA:14,0
DA:15,0
DA:18,0
DA:19,0
DA:22,0
DA:25,0
DA:30,0
DA:36,0
DA:39,0
DA:40,0
DA:43,0
DA:45,0
DA:48,0
DA:51,0
DA:56,0
DA:62,0
DA:66,0
DA:69,0
DA:70,0
DA:71,0
DA:74,0
DA:75,0
DA:76,0
DA:77,0
DA:81,0
DA:85,0
DA:86,0
DA:87,0
DA:88,0
DA:89,0
DA:90,0
DA:91,0
DA:92,0
DA:95,0
DA:96,0
DA:97,0
DA:98,0
DA:99,0
DA:100,0
DA:101,0
DA:102,0
DA:105,0
DA:106,0
DA:107,0
DA:108,0
DA:111,0
DA:114,0
DA:115,0
DA:116,0
DA:117,0
DA:118,0
DA:119,0
DA:120,0
DA:121,0
DA:122,0
DA:123,0
DA:127,0
DA:129,0
DA:132,0
DA:135,0
DA:140,0
DA:146,0
DA:148,0
DA:151,0
DA:153,0
DA:156,0
DA:157,0
DA:159,0
LF:69
LH:0
end_of_record
SF:lib/features/sound_test/views/screens/sound_test_page.dart
DA:15,1
DA:20,1
DA:21,1
DA:32,1
DA:34,1
DA:35,3
DA:36,1
DA:40,1
DA:42,3
DA:43,1
DA:44,2
DA:45,1
DA:46,1
DA:50,0
DA:51,0
DA:52,0
DA:58,1
DA:60,1
DA:61,4
DA:62,4
DA:65,1
DA:67,4
DA:68,1
DA:71,1
DA:72,1
DA:74,3
DA:75,2
DA:76,1
DA:77,1
DA:78,1
DA:80,1
DA:81,3
DA:82,2
DA:83,1
DA:84,5
DA:89,0
DA:90,0
DA:91,0
DA:94,0
DA:95,0
DA:96,0
DA:97,0
DA:98,0
DA:100,0
DA:101,0
DA:102,0
DA:103,0
DA:111,0
DA:112,0
DA:113,0
DA:115,0
DA:116,0
DA:117,0
DA:118,0
DA:119,0
DA:120,0
DA:121,0
DA:122,0
DA:130,1
DA:131,1
DA:134,4
DA:138,2
DA:141,1
DA:145,0
DA:148,0
DA:150,0
DA:151,0
DA:152,0
DA:153,0
DA:161,0
DA:166,0
DA:167,0
DA:170,0
DA:174,0
DA:176,0
DA:177,0
DA:178,0
DA:179,0
DA:180,0
DA:186,0
DA:187,0
DA:188,0
DA:189,0
DA:190,0
DA:191,0
DA:199,0
DA:200,0
DA:201,0
DA:203,0
DA:204,0
DA:205,0
DA:207,0
DA:208,0
DA:209,0
DA:210,0
DA:211,0
DA:213,0
DA:214,0
DA:215,0
DA:224,0
DA:226,0
DA:227,0
DA:229,0
DA:230,0
DA:231,0
DA:232,0
DA:233,0
DA:234,0
DA:235,0
DA:236,0
DA:237,0
DA:239,0
DA:240,0
DA:241,0
DA:250,0
DA:251,0
DA:253,0
DA:256,0
DA:259,0
DA:260,0
DA:264,0
DA:267,0
DA:268,0
DA:273,1
DA:274,1
DA:275,1
DA:276,0
DA:278,1
DA:279,1
DA:281,1
DA:282,2
DA:284,1
DA:285,2
DA:290,0
DA:291,0
DA:292,0
DA:293,0
DA:297,0
DA:300,0
DA:305,1
DA:307,3
DA:308,3
DA:309,2
DA:312,1
DA:315,1
DA:316,3
DA:317,1
DA:319,4
DA:327,1
DA:328,2
DA:331,1
DA:332,2
DA:334,4
DA:337,1
DA:338,1
DA:340,1
DA:342,1
DA:343,1
DA:344,1
DA:351,1
DA:352,1
DA:359,1
DA:360,1
DA:361,1
DA:362,1
DA:363,1
DA:364,1
DA:365,1
DA:366,1
DA:367,1
DA:368,1
DA:369,1
DA:370,1
DA:373,1
DA:375,1
DA:376,1
DA:377,1
DA:378,1
DA:379,1
DA:382,1
DA:383,1
DA:386,1
DA:388,1
DA:390,1
DA:391,1
DA:401,1
DA:402,1
DA:403,1
DA:404,1
DA:407,1
DA:408,1
DA:411,1
DA:413,1
DA:415,1
DA:416,1
DA:427,1
DA:429,1
DA:430,1
DA:432,1
DA:433,1
DA:436,1
DA:438,1
DA:439,1
DA:450,1
DA:452,1
DA:453,1
DA:454,1
DA:455,2
DA:457,1
DA:458,1
DA:459,1
DA:461,1
DA:462,1
DA:464,1
DA:465,1
DA:467,1
DA:469,1
DA:473,1
DA:480,1
DA:481,1
DA:489,1
DA:491,1
DA:499,1
DA:501,1
DA:502,0
DA:503,1
DA:506,1
DA:507,1
DA:510,1
DA:511,1
LF:230
LH:136
end_of_record
SF:lib/features/bluetooth/views/widgets/bluetooth_wrapper.dart
DA:12,2
DA:14,1
DA:15,1
DA:22,1
DA:24,1
DA:25,1
DA:26,1
DA:27,1
DA:28,2
DA:29,1
DA:32,1
DA:33,1
DA:35,1
DA:37,1
DA:40,1
DA:41,1
DA:44,2
DA:47,1
DA:49,1
DA:52,3
DA:57,1
DA:59,1
DA:61,4
DA:66,1
DA:67,0
DA:68,1
DA:76,2
DA:81,0
DA:82,0
DA:83,0
DA:84,0
DA:85,0
DA:86,0
DA:90,0
DA:91,0
DA:92,0
DA:94,0
DA:96,0
DA:101,0
DA:102,0
DA:103,0
DA:106,0
DA:107,0
DA:108,0
DA:109,0
DA:118,1
DA:119,1
DA:120,1
DA:121,1
DA:123,1
DA:124,1
DA:126,1
DA:128,1
DA:129,1
DA:130,1
DA:133,1
DA:134,3
DA:138,0
DA:144,0
DA:146,0
DA:148,0
DA:149,0
DA:150,0
DA:152,0
DA:160,1
DA:163,1
DA:164,3
DA:166,1
DA:167,3
DA:170,0
DA:177,1
DA:179,1
DA:180,1
DA:182,1
DA:184,1
DA:186,1
DA:187,1
DA:189,1
DA:192,5
DA:196,1
DA:199,1
DA:204,0
DA:205,0
DA:206,0
DA:226,0
DA:227,0
DA:228,0
DA:229,0
DA:234,0
DA:236,0
DA:237,0
DA:239,0
DA:244,0
DA:245,0
DA:249,0
DA:252,0
DA:253,0
DA:258,0
DA:261,0
DA:262,0
DA:265,0
DA:266,0
DA:271,0
DA:272,0
DA:275,0
DA:276,0
DA:277,0
DA:278,0
DA:282,0
DA:284,0
DA:285,0
DA:287,0
DA:289,0
DA:290,0
DA:291,0
DA:292,0
LF:116
LH:54
end_of_record
SF:lib/features/presets/views/screens/preset_list_page.dart
DA:13,2
DA:18,2
DA:19,2
DA:25,2
DA:27,2
DA:30,0
DA:32,0
DA:33,0
DA:35,0
DA:36,0
DA:37,0
DA:38,0
DA:39,0
DA:40,0
DA:41,0
DA:42,0
DA:43,0
DA:45,0
DA:46,0
DA:47,0
DA:56,2
DA:58,2
DA:59,2
DA:61,2
DA:62,2
DA:63,2
DA:64,4
DA:66,2
DA:67,2
DA:72,2
DA:73,2
DA:74,2
DA:75,6
DA:77,2
DA:78,2
DA:79,2
DA:80,2
DA:82,2
DA:84,6
DA:90,2
DA:92,2
DA:93,2
DA:94,2
DA:95,6
DA:97,2
DA:99,2
DA:101,2
DA:102,2
DA:103,0
DA:104,0
DA:105,0
DA:108,0
DA:112,0
DA:115,0
DA:116,0
DA:117,0
DA:118,0
DA:119,0
DA:120,0
DA:121,0
DA:128,2
DA:130,2
DA:131,0
DA:132,0
DA:133,2
DA:134,2
DA:135,2
DA:136,2
DA:140,2
DA:142,2
DA:145,2
DA:147,2
DA:148,2
DA:149,2
DA:160,6
DA:161,0
DA:163,0
DA:164,0
DA:165,0
DA:166,0
DA:168,0
DA:169,0
DA:170,0
DA:171,0
DA:172,0
DA:178,0
DA:180,0
DA:181,0
DA:182,0
DA:184,0
DA:186,0
DA:187,0
DA:189,0
DA:190,0
DA:191,0
DA:193,0
DA:194,0
DA:195,0
DA:196,0
DA:197,0
DA:202,0
DA:203,0
DA:215,2
DA:216,2
DA:217,4
DA:218,2
DA:220,2
DA:221,4
DA:222,2
DA:224,6
DA:233,2
DA:234,2
DA:235,1
DA:236,4
DA:237,1
DA:238,0
DA:239,0
DA:240,0
DA:246,3
DA:247,1
DA:250,1
DA:251,1
DA:264,3
DA:266,1
DA:267,1
DA:269,1
DA:270,2
DA:273,2
LF:128
LH:69
end_of_record
SF:lib/features/bluetooth/views/widgets/headphone_info_banner.dart
DA:6,5
DA:8,2
DA:10,2
DA:12,2
DA:13,0
DA:14,0
DA:15,0
DA:16,0
DA:19,0
DA:24,0
DA:25,0
DA:26,0
DA:28,0
DA:29,0
DA:36,0
DA:37,0
DA:39,0
DA:40,0
DA:57,0
DA:60,0
DA:63,0
DA:66,0
DA:74,0
DA:78,0
DA:79,0
DA:80,0
DA:82,0
DA:83,0
DA:84,0
DA:86,0
DA:90,0
DA:91,0
DA:93,0
DA:94,0
DA:100,0
DA:101,0
DA:107,0
DA:108,0
DA:109,0
DA:114,0
DA:115,0
DA:121,0
DA:123,0
DA:124,0
LF:44
LH:4
end_of_record
SF:lib/features/presets/views/screens/preset_page.dart
DA:17,3
DA:24,3
DA:25,3
DA:51,3
DA:53,3
DA:54,12
DA:55,6
DA:56,9
DA:57,3
DA:60,3
DA:62,6
DA:63,9
DA:64,6
DA:65,6
DA:66,3
DA:69,2
DA:71,4
DA:73,2
DA:74,6
DA:78,3
DA:79,18
DA:81,3
DA:82,6
DA:83,6
DA:84,6
DA:85,6
DA:86,6
DA:87,6
DA:88,6
DA:89,6
DA:95,2
DA:96,12
DA:99,2
DA:102,6
DA:103,3
DA:104,3
DA:105,3
DA:106,3
DA:107,3
DA:108,3
DA:109,4
DA:113,3
DA:115,6
DA:118,8
DA:120,2
DA:122,4
DA:123,2
DA:126,2
DA:127,4
DA:128,4
DA:129,2
DA:130,2
DA:131,2
DA:132,2
DA:133,2
DA:134,2
DA:135,2
DA:136,2
DA:137,2
DA:143,6
DA:146,8
DA:150,4
DA:151,0
DA:157,0
DA:158,0
DA:159,0
DA:163,0
DA:167,0
DA:169,0
DA:173,0
DA:176,0
DA:185,0
DA:186,0
DA:187,0
DA:191,0
DA:192,0
DA:194,0
DA:195,0
DA:203,2
DA:204,4
DA:205,2
DA:213,0
DA:215,0
DA:216,0
DA:219,0
DA:220,0
DA:221,0
DA:225,0
DA:231,0
DA:233,0
DA:234,0
DA:239,0
DA:240,0
DA:244,0
DA:245,0
DA:246,0
DA:250,0
DA:254,3
DA:256,3
DA:257,6
DA:260,3
DA:262,3
DA:263,3
DA:264,3
DA:265,3
DA:272,3
DA:274,2
DA:276,3
DA:279,4
DA:280,4
DA:285,2
DA:287,4
DA:288,2
DA:291,2
DA:292,4
DA:293,4
DA:294,2
DA:295,2
DA:296,2
DA:297,2
DA:298,2
DA:299,2
DA:300,2
DA:301,2
DA:302,2
DA:306,10
DA:307,2
DA:308,4
DA:309,2
DA:310,2
DA:311,8
DA:317,4
DA:321,2
DA:325,3
DA:326,3
DA:327,2
DA:342,3
DA:343,3
DA:344,3
DA:346,3
DA:348,3
DA:349,3
DA:350,3
DA:352,3
DA:354,3
DA:356,3
DA:364,3
DA:366,3
DA:368,3
DA:370,3
DA:371,3
DA:372,3
DA:373,3
DA:380,3
DA:381,3
DA:382,3
DA:383,3
DA:385,12
DA:386,3
DA:387,3
DA:388,3
DA:389,9
DA:392,3
DA:393,3
DA:394,3
DA:395,9
DA:400,3
DA:401,2
DA:404,1
DA:406,2
DA:414,3
DA:416,3
DA:418,3
DA:419,3
DA:420,6
DA:421,3
DA:426,3
DA:427,6
DA:428,3
DA:435,3
DA:437,3
DA:438,6
DA:439,3
DA:440,6
DA:441,3
DA:444,3
DA:445,3
DA:446,2
DA:447,6
DA:449,3
DA:451,3
DA:452,3
DA:454,3
DA:457,9
DA:459,3
DA:461,3
DA:462,9
DA:463,3
DA:471,3
DA:473,3
DA:475,3
DA:476,3
DA:477,6
DA:478,3
DA:483,3
DA:484,6
DA:485,3
DA:494,3
DA:495,3
DA:496,3
DA:497,3
DA:499,3
DA:500,3
DA:501,3
DA:509,3
DA:511,3
DA:512,6
DA:513,3
DA:514,6
DA:515,3
DA:518,3
DA:519,3
DA:520,0
DA:521,0
DA:523,0
DA:524,0
DA:526,3
DA:529,9
DA:531,3
DA:533,3
DA:534,9
DA:535,3
DA:538,3
DA:540,3
DA:541,3
DA:542,3
DA:552,3
DA:553,3
DA:554,3
DA:555,3
DA:557,3
DA:558,3
DA:559,3
DA:567,3
DA:569,3
DA:570,6
DA:571,3
DA:572,6
DA:573,3
DA:576,3
DA:577,3
DA:578,0
DA:579,0
DA:581,0
DA:582,0
DA:584,3
DA:587,9
DA:589,3
DA:591,3
DA:592,9
DA:593,3
DA:596,3
DA:598,3
DA:599,3
DA:600,3
DA:610,3
DA:611,3
DA:612,3
DA:613,3
DA:615,3
DA:616,3
DA:617,3
DA:625,3
DA:627,3
DA:628,6
DA:629,3
DA:630,6
DA:631,3
DA:634,3
DA:635,3
DA:636,0
DA:637,0
DA:639,0
DA:640,0
DA:641,0
DA:643,3
DA:646,9
DA:648,3
DA:650,3
DA:651,9
DA:652,3
DA:655,3
DA:657,3
DA:658,3
DA:659,3
DA:671,3
DA:673,3
DA:675,3
DA:676,3
DA:677,6
DA:678,3
DA:683,3
DA:684,6
DA:685,3
DA:694,3
DA:695,3
DA:696,3
DA:697,3
DA:699,3
DA:700,3
DA:701,3
DA:702,3
DA:707,3
DA:709,3
DA:710,3
DA:718,3
DA:719,3
DA:720,1
DA:721,3
DA:723,1
DA:725,1
DA:729,9
DA:736,3
DA:737,3
DA:738,3
DA:739,3
DA:741,3
DA:742,3
DA:743,3
DA:744,3
DA:749,3
DA:751,3
DA:752,3
DA:760,3
DA:761,3
DA:762,0
DA:763,0
DA:764,0
DA:766,0
DA:770,9
DA:777,3
DA:778,3
DA:779,3
DA:780,3
DA:782,3
DA:783,3
DA:784,3
DA:785,3
DA:790,3
DA:792,3
DA:793,3
DA:801,3
DA:802,3
DA:803,0
DA:804,0
DA:805,0
DA:807,0
DA:811,9
DA:822,3
DA:823,3
DA:826,3
DA:827,3
DA:829,3
DA:830,3
DA:833,3
DA:836,3
DA:837,3
DA:845,0
DA:848,0
DA:849,0
DA:850,0
DA:851,0
DA:852,0
DA:853,0
DA:854,0
DA:855,0
DA:856,0
DA:857,0
DA:858,0
DA:859,0
DA:865,0
DA:866,0
DA:870,0
DA:871,0
DA:872,0
DA:873,0
DA:881,0
DA:883,0
DA:885,0
DA:886,0
DA:887,0
DA:888,0
DA:896,0
DA:897,0
DA:898,0
DA:899,0
DA:900,0
DA:901,0
LF:398
LH:314
end_of_record
SF:lib/main.dart
DA:17,0
DA:19,0
DA:21,0
DA:23,0
DA:26,0
DA:27,0
DA:30,0
DA:31,0
DA:34,0
DA:36,0
DA:37,0
DA:42,1
DA:43,1
DA:46,1
DA:49,1
DA:50,1
DA:51,1
DA:54,1
DA:55,1
DA:56,1
DA:59,1
DA:62,1
DA:63,1
DA:67,0
DA:70,0
DA:71,0
DA:74,0
DA:75,0
DA:76,0
DA:77,0
DA:78,0
DA:80,0
DA:81,0
DA:83,0
DA:84,0
DA:86,0
DA:87,0
DA:89,0
DA:90,0
DA:93,0
DA:103,0
DA:104,0
DA:105,0
DA:109,0
DA:110,0
DA:111,0
DA:114,0
DA:115,0
DA:116,0
DA:122,1
DA:128,1
DA:130,0
DA:131,0
DA:133,2
LF:54
LH:15
end_of_record
SF:lib/core/main_nav.dart
DA:12,1
DA:14,0
DA:15,0
DA:21,0
DA:23,0
DA:25,0
DA:26,0
DA:27,0
DA:31,0
DA:32,0
DA:33,0
DA:37,0
DA:39,0
DA:40,0
DA:42,0
DA:43,0
DA:44,0
DA:45,0
DA:47,0
DA:52,0
DA:53,0
DA:60,0
DA:61,0
DA:62,0
DA:63,0
DA:64,0
DA:66,0
DA:68,0
DA:70,0
DA:72,0
DA:74,0
DA:77,0
DA:78,0
LF:33
LH:1
end_of_record
SF:lib/features/settings/views/screens/settings_page.dart
DA:12,2
DA:14,1
DA:15,1
DA:19,1
DA:21,1
DA:22,1
DA:23,0
DA:24,0
DA:26,0
DA:27,0
DA:28,0
DA:29,0
DA:31,0
DA:32,0
DA:34,0
DA:36,0
DA:38,0
DA:41,0
DA:43,0
DA:45,0
DA:46,0
DA:47,0
DA:48,0
DA:53,0
DA:55,0
DA:56,0
DA:57,0
DA:58,0
DA:63,0
DA:65,0
DA:66,0
DA:67,0
DA:68,0
DA:75,0
DA:76,0
DA:77,0
DA:78,0
DA:80,0
DA:81,0
DA:82,0
DA:84,0
DA:85,0
DA:86,0
DA:88,0
DA:89,0
DA:90,0
DA:96,0
DA:97,0
DA:99,0
DA:101,0
DA:102,0
DA:104,0
DA:107,0
DA:108,0
DA:109,0
DA:122,0
DA:123,0
DA:125,0
DA:127,0
DA:130,0
DA:136,0
DA:142,0
DA:145,0
DA:146,0
DA:148,0
DA:150,0
DA:156,0
DA:163,0
DA:167,0
DA:170,0
DA:171,0
DA:172,0
DA:177,0
DA:178,0
DA:180,0
DA:182,0
DA:190,0
DA:199,0
DA:202,0
DA:204,0
DA:205,0
DA:206,0
DA:207,0
DA:208,0
DA:209,0
DA:210,0
DA:212,0
DA:213,0
DA:214,0
DA:215,0
DA:218,0
DA:219,0
DA:225,0
DA:226,0
DA:227,0
DA:230,0
DA:231,0
DA:239,0
DA:240,0
DA:241,0
DA:242,0
DA:244,0
DA:246,0
DA:247,0
DA:248,0
DA:249,0
DA:250,0
DA:251,0
DA:252,0
DA:253,0
DA:254,0
DA:255,0
DA:256,0
DA:262,0
DA:271,0
DA:273,0
DA:275,0
DA:276,0
DA:277,0
DA:278,0
DA:279,0
DA:280,0
DA:281,0
DA:283,0
DA:284,0
DA:285,0
DA:286,0
DA:289,0
DA:290,0
DA:296,0
DA:297,0
DA:298,0
DA:301,0
DA:302,0
DA:310,0
DA:311,0
DA:312,0
DA:313,0
DA:315,0
DA:317,0
DA:318,0
DA:319,0
DA:320,0
DA:321,0
DA:322,0
DA:323,0
DA:324,0
DA:325,0
DA:326,0
DA:332,0
DA:341,0
DA:342,0
DA:343,0
DA:344,0
DA:345,0
DA:346,0
DA:347,0
DA:348,0
DA:349,0
DA:350,0
DA:351,0
DA:353,0
DA:355,0
DA:356,0
DA:357,0
DA:358,0
DA:359,0
DA:360,0
DA:361,0
DA:362,0
DA:363,0
DA:370,0
DA:373,0
DA:381,0
DA:384,0
DA:385,0
DA:389,0
DA:392,0
DA:393,0
DA:396,0
DA:397,0
DA:400,0
DA:401,0
DA:403,0
LF:184
LH:6
end_of_record
SF:lib/config/theme.dart
DA:4,0
DA:8,0
DA:14,0
DA:17,0
DA:20,0
DA:22,0
DA:23,0
DA:29,0
DA:30,0
DA:36,0
DA:37,0
DA:40,0
DA:41,0
DA:58,0
DA:61,0
DA:62,0
DA:74,0
DA:78,0
DA:88,0
DA:91,0
DA:96,0
DA:98,0
DA:99,0
DA:105,0
DA:106,0
DA:109,0
DA:114,0
DA:115,0
DA:118,0
DA:119,0
DA:142,0
DA:145,0
DA:146,0
LF:33
LH:0
end_of_record
SF:lib/core/app.dart
DA:16,0
DA:18,0
DA:20,0
DA:21,0
DA:22,0
DA:25,0
DA:34,0
DA:43,0
DA:47,0
DA:48,0
LF:10
LH:0
end_of_record
