SF:lib/features/settings/providers/language_provider.dart
DA:7,2
DA:13,3
DA:14,3
DA:15,2
DA:16,4
DA:17,2
DA:21,1
DA:22,1
DA:23,1
DA:27,1
DA:28,2
DA:29,1
DA:30,1
DA:34,1
DA:35,2
DA:36,1
LF:16
LH:16
end_of_record
SF:lib/features/settings/providers/theme_provider.dart
DA:8,3
DA:9,3
DA:12,4
DA:14,2
DA:17,3
DA:19,3
DA:20,4
DA:21,2
DA:23,3
DA:28,1
DA:30,1
DA:31,2
DA:33,0
DA:38,1
DA:39,2
DA:40,1
DA:41,1
DA:45,1
DA:46,2
DA:47,1
DA:48,1
DA:49,1
LF:22
LH:21
end_of_record
SF:lib/features/settings/views/screens/settings_page.dart
DA:10,2
DA:12,1
DA:13,1
DA:17,1
DA:19,1
DA:20,1
DA:21,0
DA:22,0
DA:24,0
DA:25,0
DA:26,0
DA:27,0
DA:29,0
DA:30,0
DA:32,0
DA:34,0
DA:36,0
DA:39,0
DA:41,0
DA:43,0
DA:44,0
DA:45,0
DA:46,0
DA:51,0
DA:53,0
DA:54,0
DA:55,0
DA:56,0
DA:67,0
DA:68,0
DA:69,0
DA:70,0
DA:72,0
DA:73,0
DA:74,0
DA:76,0
DA:77,0
DA:78,0
DA:80,0
DA:81,0
DA:82,0
DA:88,0
DA:89,0
DA:91,0
DA:93,0
DA:94,0
DA:96,0
DA:99,0
DA:100,0
DA:101,0
DA:114,0
DA:115,0
DA:117,0
DA:119,0
DA:122,0
DA:128,0
DA:134,0
DA:137,0
DA:138,0
DA:140,0
DA:142,0
DA:148,0
DA:155,0
DA:159,0
DA:162,0
DA:163,0
DA:164,0
DA:169,0
DA:170,0
DA:172,0
DA:174,0
DA:182,0
DA:191,0
DA:194,0
DA:196,0
DA:197,0
DA:198,0
DA:199,0
DA:200,0
DA:201,0
DA:202,0
DA:204,0
DA:205,0
DA:206,0
DA:207,0
DA:210,0
DA:211,0
DA:217,0
DA:218,0
DA:219,0
DA:222,0
DA:223,0
DA:231,0
DA:232,0
DA:233,0
DA:234,0
DA:236,0
DA:238,0
DA:239,0
DA:240,0
DA:241,0
DA:242,0
DA:243,0
DA:244,0
DA:245,0
DA:246,0
DA:247,0
DA:248,0
DA:254,0
DA:263,0
DA:265,0
DA:267,0
DA:268,0
DA:269,0
DA:270,0
DA:271,0
DA:272,0
DA:273,0
DA:275,0
DA:276,0
DA:277,0
DA:278,0
DA:281,0
DA:282,0
DA:288,0
DA:289,0
DA:290,0
DA:293,0
DA:294,0
DA:302,0
DA:303,0
DA:304,0
DA:305,0
DA:307,0
DA:309,0
DA:310,0
DA:311,0
DA:312,0
DA:313,0
DA:314,0
DA:315,0
DA:316,0
DA:317,0
DA:318,0
DA:324,0
LF:145
LH:6
end_of_record
SF:lib/l10n/app_localizations.dart
DA:10,4
DA:13,4
DA:14,4
DA:23,0
DA:25,0
DA:26,0
DA:27,0
DA:31,0
DA:37,0
DA:38,0
DA:45,8
DA:47,0
DA:50,0
DA:53,0
DA:56,0
DA:57,0
DA:61,0
LF:17
LH:4
end_of_record
SF:lib/features/settings/views/widgets/language_demo.dart
DA:7,8
DA:9,0
DA:11,0
DA:12,0
DA:14,0
DA:17,0
DA:19,0
DA:21,0
DA:22,0
DA:23,0
DA:32,0
DA:34,0
DA:35,0
DA:36,0
DA:38,0
DA:39,0
DA:46,0
DA:48,0
DA:49,0
DA:50,0
DA:51,0
DA:53,0
DA:55,0
DA:56,0
DA:59,0
DA:65,0
DA:66,0
DA:67,0
DA:69,0
DA:71,0
DA:72,0
DA:75,0
LF:32
LH:1
end_of_record
SF:lib/l10n/translations/en.dart
DA:2,0
LF:1
LH:0
end_of_record
SF:lib/l10n/translations/fr.dart
DA:2,0
LF:1
LH:0
end_of_record
SF:lib/features/presets/models/preset.dart
DA:9,5
DA:17,2
DA:18,2
DA:19,2
DA:20,2
DA:21,4
DA:26,2
DA:27,2
DA:29,2
DA:30,4
DA:31,4
LF:11
LH:11
end_of_record
SF:lib/features/presets/providers/preset_provider.dart
DA:14,3
DA:17,4
DA:18,4
DA:19,2
DA:20,2
DA:21,2
DA:24,1
DA:25,4
DA:28,3
DA:30,3
DA:31,3
DA:32,3
DA:34,8
DA:35,2
DA:37,2
DA:39,3
DA:40,3
DA:45,2
DA:46,4
DA:47,6
DA:48,4
DA:53,2
DA:55,2
DA:56,2
DA:57,2
DA:59,4
DA:60,2
DA:62,0
DA:63,0
DA:68,2
DA:70,2
DA:71,2
DA:72,2
DA:74,4
DA:75,2
DA:77,0
DA:78,0
DA:83,2
DA:85,2
DA:86,2
DA:87,2
DA:89,4
DA:90,2
DA:91,2
DA:92,4
DA:93,1
DA:95,2
DA:97,0
DA:98,0
DA:103,2
DA:104,4
DA:105,2
DA:106,2
DA:111,1
DA:112,1
DA:113,1
DA:117,1
DA:118,2
DA:120,4
DA:121,1
DA:126,3
DA:129,1
DA:130,1
DA:131,1
DA:135,2
DA:136,2
LF:66
LH:60
end_of_record
SF:lib/features/presets/repositories/preset_repository.dart
DA:9,3
DA:10,3
DA:11,2
DA:14,2
DA:18,2
DA:19,2
DA:21,4
DA:22,4
DA:27,0
DA:28,0
DA:32,2
DA:33,2
DA:34,2
DA:36,4
DA:37,4
DA:40,4
DA:43,2
DA:44,2
DA:45,4
DA:46,2
DA:49,2
DA:50,2
DA:51,4
DA:52,2
DA:55,2
DA:56,2
DA:57,2
DA:58,2
LF:28
LH:26
end_of_record
SF:lib/features/bluetooth/services/bluetooth_service.dart
DA:12,1
DA:14,1
DA:16,2
DA:22,1
DA:24,1
DA:26,2
DA:32,1
DA:34,1
DA:36,0
DA:42,1
DA:44,1
DA:46,2
DA:51,1
DA:53,1
DA:55,2
DA:60,1
DA:62,1
DA:64,2
DA:70,1
DA:72,1
DA:74,0
DA:75,0
LF:22
LH:19
end_of_record
SF:lib/features/bluetooth/platform/bluetooth_platform.dart
DA:24,1
DA:31,1
DA:33,1
DA:34,1
DA:37,1
DA:40,1
DA:48,1
DA:49,1
DA:50,1
DA:53,1
DA:61,1
DA:62,1
DA:63,1
DA:74,1
DA:76,1
DA:77,1
DA:78,3
DA:84,1
DA:86,1
DA:87,1
DA:88,3
DA:94,1
DA:96,1
DA:97,1
DA:98,3
DA:104,1
DA:107,1
DA:108,4
DA:109,1
DA:110,3
DA:111,1
DA:116,1
DA:119,2
DA:120,1
DA:121,3
DA:127,1
DA:129,1
DA:130,1
DA:131,3
DA:137,0
DA:140,0
DA:142,0
DA:145,0
DA:146,0
DA:152,0
DA:154,0
DA:155,0
DA:156,0
DA:162,0
DA:164,0
DA:165,0
DA:166,0
DA:172,0
DA:174,0
DA:175,0
DA:176,0
DA:182,0
DA:184,0
DA:185,0
DA:186,0
DA:191,0
DA:193,0
DA:195,0
DA:197,0
DA:202,0
DA:203,0
LF:66
LH:39
end_of_record
SF:lib/features/sound_test/providers/sound_test_provider.dart
DA:12,1
DA:15,0
DA:16,0
DA:17,0
DA:18,0
DA:20,0
DA:21,0
DA:24,1
DA:26,1
DA:27,1
DA:28,1
DA:30,2
DA:32,2
DA:34,1
DA:35,1
DA:40,0
DA:42,0
DA:43,0
DA:44,0
DA:46,0
DA:47,0
DA:49,0
DA:50,0
DA:55,0
DA:57,0
DA:58,0
DA:59,0
DA:61,0
DA:62,0
DA:64,0
DA:65,0
DA:70,0
DA:72,0
DA:73,0
DA:74,0
DA:76,0
DA:77,0
DA:78,0
DA:80,0
DA:82,0
DA:83,0
DA:88,0
DA:89,0
DA:90,0
DA:91,0
DA:96,0
DA:97,0
DA:98,0
DA:101,0
DA:103,0
DA:104,0
DA:105,0
LF:52
LH:9
end_of_record
SF:lib/features/sound_test/models/sound_test.dart
DA:11,0
DA:21,0
DA:22,0
DA:23,0
DA:24,0
DA:25,0
DA:26,0
DA:31,0
DA:32,0
DA:34,0
DA:35,0
DA:36,0
DA:37,0
LF:13
LH:0
end_of_record
SF:lib/features/sound_test/repositories/sound_test_repository.dart
DA:9,1
DA:10,1
DA:11,0
DA:14,0
DA:18,0
DA:19,0
DA:21,0
DA:22,0
DA:27,0
DA:28,0
DA:32,0
DA:33,0
DA:34,0
DA:36,0
DA:37,0
DA:40,0
DA:43,0
DA:44,0
DA:45,0
DA:46,0
DA:49,0
DA:50,0
DA:51,0
DA:52,0
DA:55,0
DA:56,0
DA:57,0
DA:58,0
LF:28
LH:2
end_of_record
SF:lib/features/sound_test/views/widgets/volume_control.dart
DA:10,1
DA:18,1
DA:19,1
DA:25,1
DA:27,1
DA:28,3
DA:29,4
DA:32,1
DA:33,2
DA:35,3
DA:36,1
DA:37,1
DA:40,4
DA:41,1
DA:43,2
DA:44,4
DA:45,4
DA:46,4
DA:47,2
DA:49,3
DA:53,0
DA:54,0
DA:56,0
DA:57,0
DA:58,0
DA:61,0
DA:62,0
DA:64,0
DA:65,0
DA:66,0
DA:67,0
DA:68,0
DA:70,0
DA:74,1
DA:75,2
DA:76,1
DA:78,3
DA:79,3
DA:82,1
DA:84,1
DA:85,1
DA:86,1
DA:88,1
DA:90,1
DA:91,1
DA:92,1
DA:95,1
DA:98,1
DA:99,2
DA:101,1
DA:103,1
LF:51
LH:38
end_of_record
SF:lib/features/presets/views/screens/preset_list_page.dart
DA:11,2
DA:16,2
DA:17,2
DA:23,2
DA:25,2
DA:28,1
DA:30,1
DA:31,1
DA:33,1
DA:34,1
DA:35,2
DA:36,1
DA:37,2
DA:38,1
DA:39,1
DA:40,2
DA:41,0
DA:43,1
DA:44,2
DA:45,3
DA:54,2
DA:56,2
DA:57,2
DA:59,2
DA:60,2
DA:61,2
DA:62,4
DA:64,2
DA:65,2
DA:66,2
DA:67,2
DA:68,2
DA:69,6
DA:71,2
DA:72,2
DA:73,2
DA:74,2
DA:76,2
DA:78,6
DA:84,2
DA:86,2
DA:87,2
DA:88,2
DA:89,6
DA:91,2
DA:93,2
DA:95,2
DA:96,2
DA:97,2
DA:98,4
DA:99,4
DA:102,4
DA:104,2
DA:105,4
DA:106,2
DA:107,2
DA:108,6
DA:114,2
DA:116,4
DA:117,2
DA:118,2
DA:119,2
DA:123,2
DA:125,2
DA:128,2
DA:130,2
DA:131,2
DA:132,2
DA:143,6
DA:144,2
DA:146,2
DA:147,2
DA:148,1
DA:149,1
DA:151,1
DA:152,2
DA:153,1
DA:154,1
DA:155,2
DA:161,4
DA:163,2
DA:164,2
DA:165,2
DA:167,1
DA:169,1
DA:170,1
DA:172,2
DA:173,2
DA:174,1
DA:176,1
DA:177,1
DA:178,1
DA:179,1
DA:180,3
DA:185,2
DA:186,2
DA:198,2
DA:199,2
DA:200,4
DA:201,2
DA:203,2
DA:204,4
DA:205,2
DA:207,6
DA:216,2
DA:217,2
DA:218,1
DA:219,4
DA:220,1
DA:221,0
DA:222,0
DA:223,0
DA:229,3
DA:230,1
DA:233,1
DA:234,1
DA:247,3
DA:249,1
DA:250,1
DA:252,1
DA:253,2
DA:256,2
LF:122
LH:118
end_of_record
SF:lib/features/presets/views/screens/preset_page.dart
DA:12,2
DA:19,2
DA:20,2
DA:43,2
DA:45,2
DA:46,8
DA:47,4
DA:48,6
DA:49,2
DA:52,2
DA:54,4
DA:55,6
DA:56,4
DA:57,4
DA:58,2
DA:61,2
DA:63,4
DA:65,2
DA:66,6
DA:70,2
DA:71,12
DA:73,2
DA:74,4
DA:75,4
DA:76,4
DA:77,4
DA:78,4
DA:79,4
DA:80,4
DA:81,4
DA:87,2
DA:88,12
DA:91,2
DA:94,6
DA:95,6
DA:96,6
DA:97,6
DA:98,6
DA:99,6
DA:100,6
DA:101,8
DA:104,2
DA:106,2
DA:108,4
DA:109,2
DA:112,2
DA:113,4
DA:114,4
DA:115,2
DA:116,2
DA:117,2
DA:118,2
DA:119,2
DA:120,2
DA:121,2
DA:122,2
DA:123,2
DA:128,6
DA:130,2
DA:132,6
DA:136,12
DA:139,8
DA:142,8
DA:143,2
DA:144,2
DA:148,2
DA:149,2
DA:151,0
DA:152,0
DA:160,2
DA:161,4
DA:162,2
DA:169,2
DA:171,4
DA:174,2
DA:175,4
DA:176,2
DA:180,6
DA:181,8
DA:182,2
DA:183,2
DA:184,2
DA:194,2
DA:195,6
DA:196,2
DA:207,6
DA:208,2
DA:212,2
DA:214,2
DA:215,4
DA:218,2
DA:220,2
DA:221,2
DA:222,2
DA:223,2
DA:230,2
DA:232,2
DA:234,3
DA:237,4
DA:238,4
DA:243,2
DA:245,4
DA:246,2
DA:249,2
DA:250,4
DA:251,4
DA:252,2
DA:253,2
DA:254,2
DA:255,2
DA:256,2
DA:257,2
DA:258,2
DA:259,2
DA:260,2
DA:264,10
DA:265,2
DA:266,4
DA:267,2
DA:268,2
DA:269,8
DA:275,4
DA:279,4
DA:283,2
DA:284,2
DA:285,2
DA:300,2
DA:301,2
DA:302,2
DA:304,2
DA:306,2
DA:307,2
DA:308,2
DA:310,2
DA:312,2
DA:321,2
DA:323,2
DA:325,2
DA:327,2
DA:328,2
DA:329,2
DA:330,2
DA:337,2
DA:338,2
DA:339,2
DA:340,2
DA:342,8
DA:343,2
DA:344,2
DA:345,2
DA:346,6
DA:349,2
DA:350,2
DA:351,2
DA:352,6
DA:357,2
DA:358,2
DA:361,1
DA:363,2
DA:371,2
DA:373,2
DA:375,2
DA:376,2
DA:377,4
DA:378,2
DA:383,2
DA:384,4
DA:385,2
DA:392,2
DA:394,2
DA:395,4
DA:396,2
DA:397,4
DA:398,2
DA:401,2
DA:402,2
DA:403,1
DA:404,3
DA:406,2
DA:408,2
DA:409,2
DA:411,2
DA:414,6
DA:416,2
DA:418,2
DA:419,6
DA:420,2
DA:428,2
DA:430,2
DA:432,2
DA:433,2
DA:434,4
DA:435,2
DA:440,2
DA:441,4
DA:442,2
DA:451,2
DA:452,2
DA:453,2
DA:454,2
DA:456,2
DA:457,2
DA:458,2
DA:466,2
DA:468,2
DA:469,4
DA:470,2
DA:471,4
DA:472,2
DA:475,2
DA:476,2
DA:477,0
DA:478,0
DA:480,0
DA:481,0
DA:483,2
DA:486,6
DA:488,2
DA:490,2
DA:491,6
DA:492,2
DA:495,2
DA:497,2
DA:498,2
DA:499,2
DA:509,2
DA:510,2
DA:511,2
DA:512,2
DA:514,2
DA:515,2
DA:516,2
DA:524,2
DA:526,2
DA:527,4
DA:528,2
DA:529,4
DA:530,2
DA:533,2
DA:534,2
DA:535,0
DA:536,0
DA:538,0
DA:539,0
DA:541,2
DA:544,6
DA:546,2
DA:548,2
DA:549,6
DA:550,2
DA:553,2
DA:555,2
DA:556,2
DA:557,2
DA:567,2
DA:568,2
DA:569,2
DA:570,2
DA:572,2
DA:573,2
DA:574,2
DA:582,2
DA:584,2
DA:585,4
DA:586,2
DA:587,4
DA:588,2
DA:591,2
DA:592,2
DA:593,0
DA:594,0
DA:596,0
DA:597,0
DA:598,0
DA:600,2
DA:603,6
DA:605,2
DA:607,2
DA:608,6
DA:609,2
DA:612,2
DA:614,2
DA:615,2
DA:616,2
DA:628,2
DA:630,2
DA:632,2
DA:633,2
DA:634,4
DA:635,2
DA:640,2
DA:641,4
DA:642,2
DA:651,2
DA:652,2
DA:653,2
DA:654,2
DA:656,2
DA:657,2
DA:658,2
DA:659,2
DA:664,2
DA:666,2
DA:667,2
DA:675,2
DA:676,2
DA:677,0
DA:678,0
DA:680,0
DA:682,0
DA:686,6
DA:693,2
DA:694,2
DA:695,2
DA:696,2
DA:698,2
DA:699,2
DA:700,2
DA:701,2
DA:706,2
DA:708,2
DA:709,2
DA:717,2
DA:718,2
DA:719,0
DA:720,0
DA:721,0
DA:723,0
DA:727,6
DA:734,2
DA:735,2
DA:736,2
DA:737,2
DA:739,2
DA:740,2
DA:741,2
DA:742,2
DA:747,2
DA:749,2
DA:750,2
DA:758,2
DA:759,2
DA:760,0
DA:761,0
DA:762,0
DA:764,0
DA:768,6
LF:347
LH:320
end_of_record
SF:lib/main.dart
DA:17,0
DA:19,0
DA:21,0
DA:23,0
DA:26,0
DA:27,0
DA:30,0
DA:31,0
DA:34,0
DA:36,0
DA:37,0
DA:42,1
DA:43,1
DA:46,1
DA:49,1
DA:50,1
DA:51,1
DA:54,1
DA:55,1
DA:56,1
DA:59,1
DA:62,1
DA:63,1
DA:67,0
DA:70,0
DA:71,0
DA:74,0
DA:75,0
DA:76,0
DA:77,0
DA:78,0
DA:80,0
DA:81,0
DA:83,0
DA:84,0
DA:86,0
DA:87,0
DA:89,0
DA:90,0
DA:93,0
DA:103,0
DA:104,0
DA:105,0
DA:109,0
DA:110,0
DA:111,0
DA:114,0
DA:115,0
DA:116,0
DA:122,1
DA:128,1
DA:130,0
DA:131,0
DA:133,2
LF:54
LH:15
end_of_record
SF:lib/features/sound_test/views/screens/test_page.dart
DA:12,0
DA:19,0
DA:20,0
DA:49,0
DA:51,0
DA:52,0
DA:55,0
DA:57,0
DA:60,0
DA:61,0
DA:63,0
DA:64,0
DA:65,0
DA:66,0
DA:67,0
DA:69,0
DA:70,0
DA:71,0
DA:73,0
DA:74,0
DA:75,0
DA:77,0
DA:78,0
DA:79,0
DA:81,0
DA:82,0
DA:83,0
DA:85,0
DA:86,0
DA:87,0
DA:90,0
DA:91,0
DA:92,0
DA:93,0
DA:94,0
DA:96,0
DA:97,0
DA:98,0
DA:100,0
DA:101,0
DA:102,0
DA:104,0
DA:105,0
DA:106,0
DA:108,0
DA:109,0
DA:110,0
DA:112,0
DA:113,0
DA:114,0
DA:120,0
DA:121,0
DA:122,0
DA:123,0
DA:124,0
DA:125,0
DA:126,0
DA:127,0
DA:128,0
DA:129,0
DA:130,0
DA:131,0
DA:136,0
DA:137,0
DA:139,0
DA:140,0
DA:143,0
DA:144,0
DA:145,0
DA:147,0
DA:158,0
DA:160,0
DA:162,0
DA:163,0
DA:164,0
DA:165,0
DA:167,0
DA:169,0
DA:170,0
DA:171,0
DA:176,0
DA:177,0
DA:182,0
DA:184,0
DA:185,0
DA:187,0
DA:188,0
DA:190,0
DA:194,0
DA:196,0
DA:197,0
DA:199,0
DA:203,0
DA:205,0
DA:206,0
DA:208,0
DA:216,0
DA:217,0
DA:218,0
DA:219,0
DA:221,0
DA:222,0
DA:223,0
DA:224,0
DA:225,0
DA:226,0
DA:227,0
DA:228,0
DA:229,0
DA:230,0
DA:231,0
DA:232,0
DA:237,0
DA:238,0
DA:250,0
DA:251,0
DA:252,0
DA:253,0
DA:254,0
DA:255,0
DA:256,0
DA:257,0
DA:258,0
DA:259,0
DA:260,0
DA:261,0
DA:266,0
DA:269,0
DA:270,0
DA:276,0
DA:277,0
DA:283,0
DA:284,0
DA:290,0
DA:291,0
DA:292,0
DA:296,0
DA:299,0
DA:300,0
DA:301,0
DA:317,0
DA:318,0
DA:319,0
DA:321,0
DA:324,0
DA:325,0
DA:326,0
DA:327,0
DA:328,0
DA:329,0
DA:330,0
DA:331,0
DA:332,0
DA:333,0
DA:334,0
DA:335,0
DA:337,0
DA:338,0
DA:339,0
DA:340,0
DA:344,0
DA:347,0
DA:351,0
DA:352,0
DA:354,0
DA:355,0
DA:356,0
DA:357,0
DA:358,0
DA:362,0
DA:375,0
DA:376,0
DA:377,0
DA:378,0
DA:380,0
DA:381,0
DA:382,0
DA:386,0
DA:388,0
DA:389,0
DA:392,0
DA:393,0
DA:394,0
DA:395,0
DA:396,0
DA:398,0
DA:399,0
DA:401,0
DA:402,0
DA:406,0
DA:407,0
DA:408,0
DA:409,0
DA:412,0
DA:413,0
DA:414,0
DA:415,0
DA:416,0
DA:435,0
DA:436,0
DA:437,0
DA:438,0
DA:441,0
DA:442,0
DA:443,0
DA:445,0
DA:454,0
DA:456,0
DA:457,0
DA:458,0
DA:467,0
DA:468,0
DA:470,0
DA:473,0
DA:474,0
DA:475,0
DA:476,0
DA:477,0
DA:478,0
DA:481,0
DA:483,0
DA:484,0
DA:490,0
DA:491,0
DA:492,0
DA:493,0
DA:494,0
DA:497,0
DA:499,0
DA:500,0
DA:510,0
DA:511,0
DA:512,0
DA:514,0
DA:516,0
DA:517,0
DA:521,0
DA:522,0
DA:523,0
DA:525,0
DA:527,0
DA:528,0
DA:534,0
DA:538,0
DA:539,0
DA:540,0
DA:542,0
DA:544,0
DA:545,0
DA:551,0
DA:555,0
DA:556,0
DA:557,0
DA:559,0
DA:561,0
DA:562,0
DA:568,0
DA:572,0
DA:573,0
DA:574,0
DA:576,0
DA:578,0
DA:579,0
DA:585,0
DA:589,0
DA:590,0
DA:591,0
DA:593,0
DA:595,0
DA:596,0
DA:602,0
DA:606,0
DA:607,0
DA:608,0
DA:610,0
DA:612,0
DA:613,0
DA:622,0
DA:624,0
DA:625,0
DA:626,0
DA:627,0
LF:282
LH:0
end_of_record
SF:lib/core/main_nav.dart
DA:12,1
DA:14,0
DA:15,0
DA:21,0
DA:23,0
DA:25,0
DA:26,0
DA:27,0
DA:31,0
DA:32,0
DA:33,0
DA:37,0
DA:39,0
DA:40,0
DA:42,0
DA:43,0
DA:44,0
DA:48,0
DA:49,0
DA:56,0
DA:57,0
DA:58,0
DA:59,0
DA:60,0
DA:62,0
DA:64,0
DA:66,0
DA:68,0
DA:70,0
DA:73,0
DA:74,0
LF:31
LH:1
end_of_record
SF:lib/config/theme.dart
DA:4,0
DA:8,0
DA:14,0
DA:17,0
DA:20,0
DA:22,0
DA:23,0
DA:29,0
DA:30,0
DA:36,0
DA:37,0
DA:40,0
DA:41,0
DA:58,0
DA:61,0
DA:62,0
DA:74,0
DA:78,0
DA:86,0
DA:89,0
DA:92,0
DA:94,0
DA:95,0
DA:101,0
DA:102,0
DA:105,0
DA:108,0
DA:109,0
DA:112,0
DA:113,0
DA:130,0
DA:133,0
DA:134,0
LF:33
LH:0
end_of_record
SF:lib/core/app.dart
DA:16,0
DA:18,0
DA:20,0
DA:21,0
DA:22,0
DA:25,0
DA:34,0
DA:43,0
DA:47,0
DA:48,0
LF:10
LH:0
end_of_record
SF:lib/features/bluetooth/providers/bluetooth_provider.dart
DA:20,0
DA:21,0
DA:22,0
DA:23,0
DA:24,0
DA:25,0
DA:26,0
DA:27,0
DA:30,0
DA:31,0
DA:32,0
DA:33,0
DA:34,0
DA:35,0
DA:38,0
DA:41,0
DA:46,0
DA:47,0
DA:48,0
DA:49,0
DA:50,0
DA:55,0
DA:57,0
DA:58,0
DA:62,0
DA:63,0
DA:67,0
DA:68,0
DA:71,0
DA:75,0
DA:76,0
DA:77,0
DA:80,0
DA:85,0
DA:86,0
DA:87,0
DA:89,0
DA:90,0
DA:93,0
DA:94,0
DA:96,0
DA:97,0
DA:98,0
DA:99,0
DA:105,0
DA:107,0
DA:108,0
DA:109,0
DA:110,0
DA:111,0
DA:112,0
DA:115,0
DA:116,0
DA:117,0
DA:118,0
DA:121,0
DA:126,0
DA:128,0
DA:131,0
DA:132,0
DA:134,0
DA:135,0
DA:138,0
DA:139,0
DA:140,0
DA:144,0
DA:149,0
DA:153,0
DA:155,0
DA:160,0
DA:162,0
DA:163,0
DA:164,0
DA:165,0
DA:166,0
DA:167,0
DA:170,0
DA:171,0
DA:174,0
DA:177,0
DA:179,0
DA:181,0
DA:187,0
DA:189,0
DA:190,0
DA:192,0
DA:193,0
DA:196,0
DA:201,0
DA:203,0
DA:204,0
DA:205,0
DA:207,0
DA:210,0
DA:215,0
DA:216,0
DA:217,0
DA:221,0
DA:222,0
DA:226,0
DA:227,0
DA:229,0
DA:230,0
DA:236,0
DA:243,0
DA:248,0
DA:249,0
DA:252,0
DA:255,0
DA:258,0
DA:260,0
DA:261,0
DA:263,0
DA:264,0
DA:265,0
DA:271,0
DA:272,0
DA:275,0
DA:276,0
DA:277,0
DA:279,0
DA:284,0
DA:286,0
DA:287,0
DA:289,0
DA:293,0
DA:294,0
DA:300,0
DA:303,0
DA:306,0
DA:309,0
DA:312,0
DA:313,0
DA:314,0
DA:316,0
DA:317,0
DA:321,0
DA:323,0
DA:324,0
DA:325,0
DA:327,0
DA:400,0
DA:401,0
DA:405,0
DA:409,0
DA:410,0
DA:411,0
DA:412,0
DA:415,0
DA:418,0
DA:419,0
DA:420,0
DA:423,0
DA:424,0
DA:426,0
DA:429,0
DA:432,0
DA:436,0
DA:438,0
DA:441,0
DA:442,0
DA:443,0
DA:446,0
DA:447,0
DA:448,0
DA:451,0
DA:453,0
DA:456,0
DA:459,0
DA:463,0
DA:464,0
DA:467,0
DA:469,0
DA:470,0
DA:471,0
DA:474,0
DA:475,0
DA:477,0
DA:479,0
DA:480,0
DA:482,0
DA:486,0
DA:488,0
DA:490,0
DA:492,0
DA:496,0
DA:497,0
DA:498,0
DA:499,0
DA:500,0
DA:503,0
DA:504,0
DA:506,0
DA:507,0
DA:509,0
DA:514,0
DA:516,0
DA:519,0
DA:522,0
DA:523,0
DA:524,0
DA:525,0
DA:526,0
DA:527,0
DA:533,0
DA:534,0
DA:535,0
DA:536,0
DA:540,0
DA:545,0
DA:547,0
DA:550,0
DA:552,0
DA:556,0
DA:560,0
DA:563,0
DA:565,0
DA:566,0
DA:569,0
DA:570,0
DA:572,0
DA:578,0
DA:579,0
DA:583,0
DA:586,0
DA:589,0
DA:590,0
DA:591,0
DA:596,0
DA:601,0
DA:603,0
DA:604,0
LF:232
LH:0
end_of_record
SF:lib/features/bluetooth/views/widgets/bluetooth_wrapper.dart
DA:12,1
DA:14,0
DA:15,0
DA:22,0
DA:24,0
DA:25,0
DA:26,0
DA:27,0
DA:29,0
DA:34,0
DA:35,0
DA:37,0
DA:39,0
DA:42,0
DA:65,0
DA:66,0
DA:67,0
DA:75,0
DA:80,0
DA:81,0
DA:82,0
DA:89,0
DA:90,0
DA:91,0
DA:97,0
DA:98,0
DA:102,0
DA:103,0
DA:104,0
DA:105,0
DA:114,0
DA:115,0
DA:116,0
DA:117,0
DA:119,0
DA:120,0
DA:122,0
DA:124,0
DA:125,0
DA:126,0
DA:129,0
DA:134,0
DA:140,0
DA:142,0
DA:144,0
DA:145,0
DA:146,0
DA:148,0
DA:156,0
DA:159,0
DA:166,0
DA:173,0
DA:175,0
DA:176,0
DA:178,0
DA:180,0
DA:182,0
DA:191,0
DA:194,0
DA:199,0
DA:200,0
DA:201,0
DA:221,0
DA:222,0
DA:223,0
DA:224,0
DA:229,0
DA:231,0
DA:232,0
DA:234,0
DA:239,0
DA:240,0
DA:244,0
DA:247,0
DA:248,0
DA:253,0
DA:256,0
DA:257,0
DA:260,0
DA:261,0
DA:266,0
DA:267,0
DA:270,0
DA:271,0
DA:272,0
DA:273,0
DA:277,0
DA:279,0
DA:280,0
DA:282,0
DA:284,0
DA:285,0
DA:286,0
DA:287,0
LF:94
LH:1
end_of_record
SF:lib/features/sound_test/views/screens/sound_test_page.dart
DA:10,0
DA:15,0
DA:16,0
DA:22,0
DA:24,0
DA:26,0
DA:27,0
DA:30,0
DA:31,0
DA:32,0
DA:34,0
DA:36,0
DA:38,0
DA:47,0
DA:49,0
DA:52,0
DA:54,0
DA:55,0
DA:59,0
DA:60,0
DA:61,0
DA:64,0
DA:65,0
DA:66,0
DA:69,0
DA:70,0
DA:71,0
DA:73,0
DA:74,0
DA:76,0
DA:77,0
DA:78,0
DA:88,0
DA:89,0
DA:91,0
DA:92,0
DA:93,0
DA:110,0
DA:111,0
DA:113,0
DA:114,0
DA:116,0
DA:117,0
DA:120,0
DA:121,0
DA:130,0
DA:132,0
DA:137,0
DA:138,0
DA:139,0
DA:140,0
DA:144,0
DA:146,0
DA:149,0
DA:150,0
DA:154,0
DA:156,0
DA:159,0
DA:160,0
DA:164,0
DA:166,0
DA:175,0
DA:176,0
DA:177,0
DA:179,0
DA:180,0
DA:181,0
DA:183,0
DA:190,0
DA:191,0
DA:192,0
DA:193,0
DA:194,0
DA:196,0
DA:197,0
DA:198,0
DA:199,0
DA:201,0
DA:203,0
DA:205,0
DA:206,0
DA:207,0
DA:208,0
DA:209,0
DA:212,0
DA:214,0
DA:215,0
DA:216,0
DA:217,0
DA:218,0
DA:224,0
DA:226,0
DA:227,0
DA:228,0
DA:229,0
DA:233,0
DA:235,0
DA:238,0
DA:241,0
DA:242,0
DA:245,0
DA:246,0
DA:250,0
DA:251,0
DA:256,0
DA:257,0
DA:264,0
DA:265,0
DA:267,0
DA:268,0
DA:270,0
DA:271,0
DA:272,0
DA:273,0
DA:275,0
DA:276,0
DA:277,0
DA:278,0
DA:279,0
LF:119
LH:0
end_of_record
